{"contracts\\interfaces\\IUniswapV2.sol":{"l":{},"path":"C:\\Users\\Usuário\\Desktop\\ODDProxyTokenV3\\contracts\\interfaces\\IUniswapV2.sol","s":{},"b":{},"f":{},"fnMap":{},"statementMap":{},"branchMap":{}},"contracts\\interfaces\\IUniswapV2Factory.sol":{"l":{},"path":"C:\\Users\\Usuário\\Desktop\\ODDProxyTokenV3\\contracts\\interfaces\\IUniswapV2Factory.sol","s":{},"b":{},"f":{},"fnMap":{},"statementMap":{},"branchMap":{}},"contracts\\MockRouter.sol":{"l":{"22":46,"23":46,"27":46,"31":2,"42":0,"43":0,"44":0,"47":0,"48":0,"49":0,"51":0,"53":0,"63":0,"64":0,"65":0,"68":0,"69":0,"71":0,"75":1,"77":1,"78":1,"80":1,"81":1,"84":1,"88":1,"90":1,"91":1,"93":1,"94":1,"97":1,"102":0,"106":0,"111":0,"112":0,"113":0,"115":0,"119":1,"120":1,"122":1,"123":1,"127":0,"128":0,"129":0,"133":1,"134":1,"136":1,"137":1,"141":0,"142":0,"143":0},"path":"C:\\Users\\Usuário\\Desktop\\ODDProxyTokenV3\\contracts\\MockRouter.sol","s":{"1":46,"2":2,"3":0,"4":0,"5":0,"6":0,"7":0,"8":0,"9":0,"10":0,"11":0,"12":0,"13":0,"14":1,"15":1,"16":1,"17":1,"18":1,"19":1,"20":0,"21":0,"22":0,"23":0,"24":1,"25":1,"26":1,"27":1,"28":0,"29":0,"30":0,"31":1,"32":1,"33":1,"34":1,"35":0,"36":0,"37":0},"b":{"1":[0,0],"2":[0,0],"3":[0,0],"4":[0,0],"5":[0,0],"6":[0,0],"7":[0,0],"8":[1,0],"9":[1,0],"10":[1,0],"11":[1,0],"12":[1,0],"13":[1,0]},"f":{"1":46,"2":46,"3":2,"4":0,"5":0,"6":1,"7":1,"8":0,"9":0,"10":0,"11":1,"12":1,"13":0},"fnMap":{"1":{"name":"constructor","line":20,"loc":{"start":{"line":20,"column":4},"end":{"line":24,"column":4}}},"2":{"name":"factory","line":26,"loc":{"start":{"line":26,"column":4},"end":{"line":28,"column":4}}},"3":{"name":"WETH","line":30,"loc":{"start":{"line":30,"column":4},"end":{"line":32,"column":4}}},"4":{"name":"addLiquidityETH","line":34,"loc":{"start":{"line":34,"column":4},"end":{"line":54,"column":4}}},"5":{"name":"swapExactTokensForETHSupportingFeeOnTransferTokens","line":56,"loc":{"start":{"line":56,"column":4},"end":{"line":72,"column":4}}},"6":{"name":"getAmountsOut","line":74,"loc":{"start":{"line":74,"column":4},"end":{"line":85,"column":4}}},"7":{"name":"getAmountsIn","line":87,"loc":{"start":{"line":87,"column":4},"end":{"line":98,"column":4}}},"8":{"name":"setTokenPrice","line":101,"loc":{"start":{"line":101,"column":4},"end":{"line":103,"column":4}}},"9":{"name":"getTokenPrice","line":105,"loc":{"start":{"line":105,"column":4},"end":{"line":107,"column":4}}},"10":{"name":"_calculateSwapOutput","line":110,"loc":{"start":{"line":110,"column":4},"end":{"line":116,"column":4}}},"11":{"name":"_calculateSwapOutput","line":118,"loc":{"start":{"line":118,"column":4},"end":{"line":130,"column":4}}},"12":{"name":"_calculateSwapInput","line":132,"loc":{"start":{"line":132,"column":4},"end":{"line":144,"column":4}}},"13":{"name":"recoverTokens","line":150,"loc":{"start":{"line":150,"column":4},"end":{"line":152,"column":4}}}},"statementMap":{"1":{"start":{"line":27,"column":8},"end":{"line":27,"column":66}},"2":{"start":{"line":31,"column":8},"end":{"line":31,"column":66}},"3":{"start":{"line":42,"column":8},"end":{"line":42,"column":46}},"4":{"start":{"line":43,"column":8},"end":{"line":43,"column":58}},"5":{"start":{"line":44,"column":8},"end":{"line":44,"column":62}},"6":{"start":{"line":51,"column":8},"end":{"line":51,"column":58}},"7":{"start":{"line":53,"column":8},"end":{"line":53,"column":50}},"8":{"start":{"line":63,"column":8},"end":{"line":63,"column":48}},"9":{"start":{"line":64,"column":8},"end":{"line":64,"column":62}},"10":{"start":{"line":65,"column":8},"end":{"line":65,"column":53}},"11":{"start":{"line":68,"column":8},"end":{"line":68,"column":64}},"12":{"start":{"line":69,"column":8},"end":{"line":69,"column":71}},"13":{"start":{"line":71,"column":8},"end":{"line":71,"column":56}},"14":{"start":{"line":75,"column":8},"end":{"line":75,"column":48}},"15":{"start":{"line":80,"column":8},"end":{"line":80,"column":2917}},"16":{"start":{"line":84,"column":8},"end":{"line":84,"column":22}},"17":{"start":{"line":88,"column":8},"end":{"line":88,"column":48}},"18":{"start":{"line":93,"column":8},"end":{"line":93,"column":3387}},"19":{"start":{"line":97,"column":8},"end":{"line":97,"column":22}},"20":{"start":{"line":106,"column":8},"end":{"line":106,"column":33}},"21":{"start":{"line":111,"column":8},"end":{"line":111,"column":40}},"22":{"start":{"line":112,"column":8},"end":{"line":112,"column":4065}},"23":{"start":{"line":115,"column":8},"end":{"line":115,"column":28}},"24":{"start":{"line":119,"column":8},"end":{"line":119,"column":46}},"25":{"start":{"line":120,"column":8},"end":{"line":120,"column":48}},"26":{"start":{"line":122,"column":8},"end":{"line":122,"column":4492}},"27":{"start":{"line":123,"column":12},"end":{"line":123,"column":27}},"28":{"start":{"line":127,"column":8},"end":{"line":127,"column":59}},"29":{"start":{"line":128,"column":8},"end":{"line":128,"column":62}},"30":{"start":{"line":129,"column":8},"end":{"line":129,"column":35}},"31":{"start":{"line":133,"column":8},"end":{"line":133,"column":46}},"32":{"start":{"line":134,"column":8},"end":{"line":134,"column":48}},"33":{"start":{"line":136,"column":8},"end":{"line":136,"column":5079}},"34":{"start":{"line":137,"column":12},"end":{"line":137,"column":28}},"35":{"start":{"line":141,"column":8},"end":{"line":141,"column":59}},"36":{"start":{"line":142,"column":8},"end":{"line":142,"column":61}},"37":{"start":{"line":143,"column":8},"end":{"line":143,"column":34}}},"branchMap":{"1":{"line":42,"type":"if","locations":[{"start":{"line":42,"column":8},"end":{"line":42,"column":8}},{"start":{"line":42,"column":8},"end":{"line":42,"column":8}}]},"2":{"line":43,"type":"if","locations":[{"start":{"line":43,"column":8},"end":{"line":43,"column":8}},{"start":{"line":43,"column":8},"end":{"line":43,"column":8}}]},"3":{"line":44,"type":"if","locations":[{"start":{"line":44,"column":8},"end":{"line":44,"column":8}},{"start":{"line":44,"column":8},"end":{"line":44,"column":8}}]},"4":{"line":63,"type":"if","locations":[{"start":{"line":63,"column":8},"end":{"line":63,"column":8}},{"start":{"line":63,"column":8},"end":{"line":63,"column":8}}]},"5":{"line":64,"type":"if","locations":[{"start":{"line":64,"column":8},"end":{"line":64,"column":8}},{"start":{"line":64,"column":8},"end":{"line":64,"column":8}}]},"6":{"line":65,"type":"if","locations":[{"start":{"line":65,"column":8},"end":{"line":65,"column":8}},{"start":{"line":65,"column":8},"end":{"line":65,"column":8}}]},"7":{"line":69,"type":"if","locations":[{"start":{"line":69,"column":8},"end":{"line":69,"column":8}},{"start":{"line":69,"column":8},"end":{"line":69,"column":8}}]},"8":{"line":75,"type":"if","locations":[{"start":{"line":75,"column":8},"end":{"line":75,"column":8}},{"start":{"line":75,"column":8},"end":{"line":75,"column":8}}]},"9":{"line":88,"type":"if","locations":[{"start":{"line":88,"column":8},"end":{"line":88,"column":8}},{"start":{"line":88,"column":8},"end":{"line":88,"column":8}}]},"10":{"line":122,"type":"if","locations":[{"start":{"line":122,"column":8},"end":{"line":122,"column":8}},{"start":{"line":122,"column":8},"end":{"line":122,"column":8}}]},"11":{"line":122,"type":"cond-expr","locations":[{"start":{"line":122,"column":12},"end":{"line":122,"column":23}},{"start":{"line":122,"column":28},"end":{"line":122,"column":40}}]},"12":{"line":136,"type":"if","locations":[{"start":{"line":136,"column":8},"end":{"line":136,"column":8}},{"start":{"line":136,"column":8},"end":{"line":136,"column":8}}]},"13":{"line":136,"type":"cond-expr","locations":[{"start":{"line":136,"column":12},"end":{"line":136,"column":23}},{"start":{"line":136,"column":28},"end":{"line":136,"column":40}}]}}},"contracts\\MockToken.sol":{"l":{"27":46,"37":96,"65":46,"66":46,"74":1,"81":1,"88":0,"95":0,"109":0,"122":2},"path":"C:\\Users\\Usuário\\Desktop\\ODDProxyTokenV3\\contracts\\MockToken.sol","s":{"1":46,"2":96,"3":1,"4":0,"5":0,"6":0,"7":2},"b":{"1":[96,0]},"f":{"1":46,"2":96,"3":46,"4":1,"5":1,"6":0,"7":0,"8":0,"9":2},"fnMap":{"1":{"name":"constructor","line":26,"loc":{"start":{"line":26,"column":4},"end":{"line":28,"column":4}}},"2":{"name":"mint","line":36,"loc":{"start":{"line":36,"column":4},"end":{"line":38,"column":4}}},"3":{"name":"constructor","line":64,"loc":{"start":{"line":64,"column":4},"end":{"line":67,"column":4}}},"4":{"name":"setPrice","line":73,"loc":{"start":{"line":73,"column":4},"end":{"line":75,"column":4}}},"5":{"name":"decimals","line":80,"loc":{"start":{"line":80,"column":4},"end":{"line":82,"column":4}}},"6":{"name":"description","line":87,"loc":{"start":{"line":87,"column":4},"end":{"line":89,"column":4}}},"7":{"name":"version","line":94,"loc":{"start":{"line":94,"column":4},"end":{"line":96,"column":4}}},"8":{"name":"getRoundData","line":102,"loc":{"start":{"line":102,"column":4},"end":{"line":110,"column":4}}},"9":{"name":"latestRoundData","line":115,"loc":{"start":{"line":115,"column":4},"end":{"line":123,"column":4}}}},"statementMap":{"1":{"start":{"line":27,"column":8},"end":{"line":27,"column":52}},"2":{"start":{"line":37,"column":8},"end":{"line":37,"column":24}},"3":{"start":{"line":81,"column":8},"end":{"line":81,"column":24}},"4":{"start":{"line":88,"column":8},"end":{"line":88,"column":32}},"5":{"start":{"line":95,"column":8},"end":{"line":95,"column":16}},"6":{"start":{"line":109,"column":8},"end":{"line":109,"column":76}},"7":{"start":{"line":122,"column":8},"end":{"line":122,"column":62}}},"branchMap":{"1":{"line":36,"type":"if","locations":[{"start":{"line":36,"column":53},"end":{"line":36,"column":53}},{"start":{"line":36,"column":53},"end":{"line":36,"column":53}}]}}},"contracts\\ODDProxy.sol":{"l":{"185":0,"186":0,"187":0,"194":10,"195":9,"215":46,"216":46,"217":46,"218":46,"219":46,"221":46,"222":46,"223":46,"224":46,"225":46,"226":46,"227":46,"230":46,"231":46,"232":46,"233":46,"236":46,"237":46,"238":46,"239":46,"248":1,"255":1,"262":1,"269":1,"278":50,"279":0,"283":50,"284":35,"288":15,"289":15,"291":7,"294":8,"304":8,"305":5,"316":1,"317":1,"318":1,"319":1,"320":1,"330":3,"331":2,"341":0,"349":0,"356":0,"366":0,"369":0,"370":0,"371":0,"372":0,"376":0,"384":3,"392":1,"402":3,"403":2,"404":1,"405":1,"406":1,"416":4,"417":3,"418":2,"419":2,"420":2,"429":1,"430":1,"440":4,"441":4,"451":2,"452":2,"461":1,"462":1,"471":1,"472":1,"482":2,"483":1,"484":1,"495":20,"497":19,"498":19,"499":34,"500":33,"501":33,"502":32,"503":32,"504":32,"505":32,"509":18,"510":18,"511":18,"519":2,"520":2,"521":2,"532":1,"534":1,"535":1,"536":1,"538":1,"539":1,"541":0,"551":1,"553":1,"554":1,"555":1,"557":1,"558":1,"560":0,"577":9,"578":9,"579":8,"582":7,"583":7,"586":6,"587":6,"588":5,"591":6,"594":6,"595":6,"598":6,"601":6,"602":5,"606":6,"607":6,"617":22,"626":5,"627":5,"630":5,"631":5,"632":5,"636":5,"637":5,"638":5,"646":6,"647":6,"648":0,"657":0,"658":0,"661":0,"662":0,"663":0,"665":0,"667":0,"669":0,"676":0,"679":0,"681":0,"689":0,"692":0,"705":39,"709":39,"723":4,"724":4,"726":3,"727":3,"738":2,"747":2,"756":2,"771":2,"772":2,"773":1},"path":"C:\\Users\\Usuário\\Desktop\\ODDProxyTokenV3\\contracts\\ODDProxy.sol","s":{"1":10,"2":46,"3":46,"4":46,"5":46,"6":46,"7":1,"8":1,"9":1,"10":1,"11":50,"12":0,"13":50,"14":35,"15":15,"16":15,"17":7,"18":8,"19":8,"20":5,"21":1,"22":1,"23":1,"24":1,"25":1,"26":3,"27":2,"28":0,"29":0,"30":0,"31":0,"32":0,"33":0,"34":0,"35":3,"36":1,"37":3,"38":2,"39":1,"40":4,"41":3,"42":2,"43":1,"44":4,"45":2,"46":1,"47":1,"48":2,"49":1,"50":1,"51":20,"52":19,"53":19,"54":34,"55":33,"56":33,"57":32,"58":32,"59":18,"60":2,"61":1,"62":0,"63":1,"64":1,"65":1,"66":0,"67":1,"68":0,"69":1,"70":1,"71":1,"72":0,"73":9,"74":9,"75":8,"76":7,"77":7,"78":6,"79":6,"80":6,"81":6,"82":6,"83":6,"84":6,"85":5,"86":6,"87":6,"88":5,"89":5,"90":5,"91":5,"92":5,"93":5,"94":5,"95":5,"96":6,"97":6,"98":0,"99":0,"100":0,"101":0,"102":0,"103":0,"104":0,"105":0,"106":0,"107":0,"108":0,"109":0,"110":39,"111":0,"112":39,"113":4,"114":4,"115":3,"116":2,"117":2,"118":2,"119":2,"120":2,"121":1},"b":{"1":[9,1],"2":[46,0],"3":[46,0],"4":[46,0],"5":[46,0],"6":[46,0],"7":[0,50],"8":[35,15],"9":[7,8],"10":[9,1],"11":[8,1],"12":[1,1],"13":[1,0],"14":[1,0],"15":[3,0],"16":[0,0],"17":[0,0],"18":[0,0],"19":[3,1],"20":[1,0],"21":[3,2],"22":[2,1],"23":[1,1],"24":[4,1],"25":[3,1],"26":[2,1],"27":[1,0],"28":[4,0],"29":[2,0],"30":[1,0],"31":[1,0],"32":[2,0],"33":[1,1],"34":[20,0],"35":[19,1],"36":[33,1],"37":[32,1],"38":[2,0],"39":[0,1],"40":[0,1],"41":[9,0],"42":[9,0],"43":[8,1],"44":[7,1],"45":[6,1],"46":[5,1],"47":[5,1],"48":[6,0],"49":[5,0],"50":[5,0],"51":[0,6],"52":[0,0],"53":[0,39],"54":[4,0],"55":[3,1],"56":[2,0],"57":[1,1]},"f":{"1":0,"2":10,"3":46,"4":1,"5":1,"6":1,"7":1,"8":50,"9":8,"10":1,"11":3,"12":0,"13":0,"14":0,"15":3,"16":1,"17":3,"18":4,"19":1,"20":4,"21":2,"22":1,"23":1,"24":2,"25":20,"26":2,"27":1,"28":1,"29":9,"30":22,"31":5,"32":6,"33":0,"34":39,"35":4,"36":2,"37":2,"38":2,"39":2},"fnMap":{"1":{"name":"lockTheSwap","line":184,"loc":{"start":{"line":184,"column":4},"end":{"line":188,"column":4}}},"2":{"name":"mappingRequired","line":193,"loc":{"start":{"line":193,"column":4},"end":{"line":196,"column":4}}},"3":{"name":"constructor","line":214,"loc":{"start":{"line":208,"column":4},"end":{"line":240,"column":4}}},"4":{"name":"name","line":247,"loc":{"start":{"line":247,"column":4},"end":{"line":249,"column":4}}},"5":{"name":"symbol","line":254,"loc":{"start":{"line":254,"column":4},"end":{"line":256,"column":4}}},"6":{"name":"decimals","line":261,"loc":{"start":{"line":261,"column":4},"end":{"line":263,"column":4}}},"7":{"name":"totalSupply","line":268,"loc":{"start":{"line":268,"column":4},"end":{"line":270,"column":4}}},"8":{"name":"balanceOf","line":277,"loc":{"start":{"line":277,"column":4},"end":{"line":295,"column":4}}},"9":{"name":"transfer","line":303,"loc":{"start":{"line":303,"column":4},"end":{"line":306,"column":4}}},"10":{"name":"transferFrom","line":315,"loc":{"start":{"line":315,"column":4},"end":{"line":321,"column":4}}},"11":{"name":"approve","line":329,"loc":{"start":{"line":329,"column":4},"end":{"line":332,"column":4}}},"12":{"name":"allowance","line":340,"loc":{"start":{"line":340,"column":4},"end":{"line":342,"column":4}}},"13":{"name":"getLatestPrice","line":348,"loc":{"start":{"line":348,"column":4},"end":{"line":357,"column":4}}},"14":{"name":"createLiquidityPair","line":365,"loc":{"start":{"line":365,"column":4},"end":{"line":377,"column":4}}},"15":{"name":"pause","line":383,"loc":{"start":{"line":383,"column":4},"end":{"line":385,"column":4}}},"16":{"name":"unpause","line":391,"loc":{"start":{"line":391,"column":4},"end":{"line":393,"column":4}}},"17":{"name":"updateFees","line":401,"loc":{"start":{"line":401,"column":4},"end":{"line":407,"column":4}}},"18":{"name":"updateWallets","line":415,"loc":{"start":{"line":415,"column":4},"end":{"line":421,"column":4}}},"19":{"name":"updateMinTokensBeforeSwap","line":428,"loc":{"start":{"line":428,"column":4},"end":{"line":431,"column":4}}},"20":{"name":"setExcludedFromFee","line":439,"loc":{"start":{"line":439,"column":4},"end":{"line":442,"column":4}}},"21":{"name":"setExcludedFromAutoLiquidity","line":450,"loc":{"start":{"line":450,"column":4},"end":{"line":453,"column":4}}},"22":{"name":"updateLogoURI","line":460,"loc":{"start":{"line":460,"column":4},"end":{"line":463,"column":4}}},"23":{"name":"updateMetadataURI","line":470,"loc":{"start":{"line":470,"column":4},"end":{"line":473,"column":4}}},"24":{"name":"recoverTokens","line":481,"loc":{"start":{"line":481,"column":4},"end":{"line":485,"column":4}}},"25":{"name":"mapBalances","line":494,"loc":{"start":{"line":494,"column":4},"end":{"line":512,"column":4}}},"26":{"name":"resetMapping","line":518,"loc":{"start":{"line":518,"column":4},"end":{"line":522,"column":4}}},"27":{"name":"getOriginalTokenUSDValue","line":531,"loc":{"start":{"line":531,"column":4},"end":{"line":543,"column":4}}},"28":{"name":"getProxyTokenAmount","line":550,"loc":{"start":{"line":550,"column":4},"end":{"line":562,"column":4}}},"29":{"name":"_transfer","line":576,"loc":{"start":{"line":572,"column":4},"end":{"line":609,"column":4}}},"30":{"name":"_updateBalance","line":616,"loc":{"start":{"line":616,"column":4},"end":{"line":618,"column":4}}},"31":{"name":"_processFees","line":625,"loc":{"start":{"line":625,"column":4},"end":{"line":640,"column":4}}},"32":{"name":"_checkAndTriggerAutoLiquidity","line":645,"loc":{"start":{"line":645,"column":4},"end":{"line":650,"column":4}}},"33":{"name":"_swapAndLiquify","line":656,"loc":{"start":{"line":656,"column":4},"end":{"line":697,"column":4}}},"34":{"name":"_calculateProxyAmount","line":704,"loc":{"start":{"line":704,"column":4},"end":{"line":710,"column":4}}},"35":{"name":"_approve","line":718,"loc":{"start":{"line":718,"column":4},"end":{"line":728,"column":4}}},"36":{"name":"isExcludedFromFee","line":737,"loc":{"start":{"line":737,"column":4},"end":{"line":739,"column":4}}},"37":{"name":"isExcludedFromAutoLiquidity","line":746,"loc":{"start":{"line":746,"column":4},"end":{"line":748,"column":4}}},"38":{"name":"getMappedBalance","line":755,"loc":{"start":{"line":755,"column":4},"end":{"line":757,"column":4}}},"39":{"name":"recoverBNB","line":770,"loc":{"start":{"line":770,"column":4},"end":{"line":774,"column":4}}}},"statementMap":{"1":{"start":{"line":194,"column":8},"end":{"line":194,"column":57}},"2":{"start":{"line":215,"column":8},"end":{"line":215,"column":85}},"3":{"start":{"line":216,"column":8},"end":{"line":216,"column":77}},"4":{"start":{"line":217,"column":8},"end":{"line":217,"column":83}},"5":{"start":{"line":218,"column":8},"end":{"line":218,"column":89}},"6":{"start":{"line":219,"column":8},"end":{"line":219,"column":77}},"7":{"start":{"line":248,"column":8},"end":{"line":248,"column":41}},"8":{"start":{"line":255,"column":8},"end":{"line":255,"column":23}},"9":{"start":{"line":262,"column":8},"end":{"line":262,"column":17}},"10":{"start":{"line":269,"column":8},"end":{"line":269,"column":27}},"11":{"start":{"line":278,"column":8},"end":{"line":278,"column":10176}},"12":{"start":{"line":279,"column":12},"end":{"line":279,"column":20}},"13":{"start":{"line":283,"column":8},"end":{"line":283,"column":10317}},"14":{"start":{"line":284,"column":12},"end":{"line":284,"column":43}},"15":{"start":{"line":288,"column":8},"end":{"line":288,"column":66}},"16":{"start":{"line":289,"column":8},"end":{"line":289,"column":10567}},"17":{"start":{"line":291,"column":12},"end":{"line":291,"column":57}},"18":{"start":{"line":294,"column":8},"end":{"line":294,"column":16}},"19":{"start":{"line":304,"column":8},"end":{"line":304,"column":47}},"20":{"start":{"line":305,"column":8},"end":{"line":305,"column":19}},"21":{"start":{"line":316,"column":8},"end":{"line":316,"column":43}},"22":{"start":{"line":317,"column":8},"end":{"line":317,"column":66}},"23":{"start":{"line":318,"column":8},"end":{"line":318,"column":86}},"24":{"start":{"line":319,"column":8},"end":{"line":319,"column":62}},"25":{"start":{"line":320,"column":8},"end":{"line":320,"column":19}},"26":{"start":{"line":330,"column":8},"end":{"line":330,"column":44}},"27":{"start":{"line":331,"column":8},"end":{"line":331,"column":19}},"28":{"start":{"line":341,"column":8},"end":{"line":341,"column":42}},"29":{"start":{"line":349,"column":8},"end":{"line":349,"column":12813}},"30":{"start":{"line":356,"column":8},"end":{"line":356,"column":20}},"31":{"start":{"line":366,"column":8},"end":{"line":366,"column":65}},"32":{"start":{"line":369,"column":8},"end":{"line":369,"column":90}},"33":{"start":{"line":370,"column":8},"end":{"line":370,"column":13400}},"34":{"start":{"line":372,"column":12},"end":{"line":372,"column":18}},"35":{"start":{"line":384,"column":8},"end":{"line":384,"column":15}},"36":{"start":{"line":392,"column":8},"end":{"line":392,"column":17}},"37":{"start":{"line":402,"column":8},"end":{"line":402,"column":64}},"38":{"start":{"line":403,"column":8},"end":{"line":403,"column":62}},"39":{"start":{"line":406,"column":8},"end":{"line":406,"column":53}},"40":{"start":{"line":416,"column":8},"end":{"line":416,"column":83}},"41":{"start":{"line":417,"column":8},"end":{"line":417,"column":89}},"42":{"start":{"line":420,"column":8},"end":{"line":420,"column":60}},"43":{"start":{"line":430,"column":8},"end":{"line":430,"column":61}},"44":{"start":{"line":441,"column":8},"end":{"line":441,"column":47}},"45":{"start":{"line":452,"column":8},"end":{"line":452,"column":57}},"46":{"start":{"line":462,"column":8},"end":{"line":462,"column":37}},"47":{"start":{"line":472,"column":8},"end":{"line":472,"column":45}},"48":{"start":{"line":482,"column":8},"end":{"line":482,"column":68}},"49":{"start":{"line":483,"column":8},"end":{"line":483,"column":46}},"50":{"start":{"line":484,"column":8},"end":{"line":484,"column":43}},"51":{"start":{"line":495,"column":8},"end":{"line":495,"column":62}},"52":{"start":{"line":497,"column":8},"end":{"line":497,"column":31}},"53":{"start":{"line":498,"column":8},"end":{"line":498,"column":17953}},"54":{"start":{"line":499,"column":12},"end":{"line":499,"column":70}},"55":{"start":{"line":500,"column":12},"end":{"line":500,"column":73}},"56":{"start":{"line":501,"column":12},"end":{"line":501,"column":18167}},"57":{"start":{"line":502,"column":16},"end":{"line":502,"column":76}},"58":{"start":{"line":505,"column":16},"end":{"line":505,"column":59}},"59":{"start":{"line":511,"column":8},"end":{"line":511,"column":49}},"60":{"start":{"line":521,"column":8},"end":{"line":521,"column":32}},"61":{"start":{"line":532,"column":8},"end":{"line":532,"column":33}},"62":{"start":{"line":532,"column":25},"end":{"line":532,"column":33}},"63":{"start":{"line":534,"column":8},"end":{"line":534,"column":48}},"64":{"start":{"line":538,"column":8},"end":{"line":538,"column":19373}},"65":{"start":{"line":539,"column":12},"end":{"line":539,"column":29}},"66":{"start":{"line":541,"column":12},"end":{"line":541,"column":20}},"67":{"start":{"line":551,"column":8},"end":{"line":551,"column":35}},"68":{"start":{"line":551,"column":27},"end":{"line":551,"column":35}},"69":{"start":{"line":553,"column":8},"end":{"line":553,"column":48}},"70":{"start":{"line":557,"column":8},"end":{"line":557,"column":20015}},"71":{"start":{"line":558,"column":12},"end":{"line":558,"column":29}},"72":{"start":{"line":560,"column":12},"end":{"line":560,"column":20}},"73":{"start":{"line":577,"column":8},"end":{"line":577,"column":77}},"74":{"start":{"line":578,"column":8},"end":{"line":578,"column":78}},"75":{"start":{"line":579,"column":8},"end":{"line":579,"column":71}},"76":{"start":{"line":582,"column":8},"end":{"line":582,"column":49}},"77":{"start":{"line":583,"column":8},"end":{"line":583,"column":81}},"78":{"start":{"line":586,"column":8},"end":{"line":586,"column":29}},"79":{"start":{"line":587,"column":8},"end":{"line":587,"column":21134}},"80":{"start":{"line":591,"column":8},"end":{"line":591,"column":51}},"81":{"start":{"line":594,"column":8},"end":{"line":594,"column":53}},"82":{"start":{"line":595,"column":8},"end":{"line":595,"column":71}},"83":{"start":{"line":598,"column":8},"end":{"line":598,"column":56}},"84":{"start":{"line":601,"column":8},"end":{"line":601,"column":21685}},"85":{"start":{"line":602,"column":12},"end":{"line":602,"column":42}},"86":{"start":{"line":606,"column":8},"end":{"line":606,"column":21834}},"87":{"start":{"line":607,"column":12},"end":{"line":607,"column":42}},"88":{"start":{"line":626,"column":8},"end":{"line":626,"column":66}},"89":{"start":{"line":627,"column":8},"end":{"line":627,"column":58}},"90":{"start":{"line":630,"column":8},"end":{"line":630,"column":22663}},"91":{"start":{"line":631,"column":12},"end":{"line":631,"column":79}},"92":{"start":{"line":632,"column":12},"end":{"line":632,"column":61}},"93":{"start":{"line":636,"column":8},"end":{"line":636,"column":22906}},"94":{"start":{"line":637,"column":12},"end":{"line":637,"column":88}},"95":{"start":{"line":638,"column":12},"end":{"line":638,"column":67}},"96":{"start":{"line":646,"column":8},"end":{"line":646,"column":58}},"97":{"start":{"line":647,"column":8},"end":{"line":647,"column":23314}},"98":{"start":{"line":648,"column":12},"end":{"line":648,"column":43}},"99":{"start":{"line":657,"column":8},"end":{"line":657,"column":33}},"100":{"start":{"line":658,"column":8},"end":{"line":658,"column":41}},"101":{"start":{"line":661,"column":8},"end":{"line":661,"column":48}},"102":{"start":{"line":665,"column":8},"end":{"line":665,"column":60}},"103":{"start":{"line":667,"column":8},"end":{"line":667,"column":54}},"104":{"start":{"line":669,"column":8},"end":{"line":669,"column":24017}},"105":{"start":{"line":676,"column":12},"end":{"line":676,"column":72}},"106":{"start":{"line":679,"column":12},"end":{"line":679,"column":69}},"107":{"start":{"line":681,"column":12},"end":{"line":681,"column":24438}},"108":{"start":{"line":689,"column":16},"end":{"line":689,"column":73}},"109":{"start":{"line":692,"column":16},"end":{"line":692,"column":61}},"110":{"start":{"line":705,"column":8},"end":{"line":705,"column":41}},"111":{"start":{"line":705,"column":33},"end":{"line":705,"column":41}},"112":{"start":{"line":709,"column":8},"end":{"line":709,"column":29}},"113":{"start":{"line":723,"column":8},"end":{"line":723,"column":75}},"114":{"start":{"line":724,"column":8},"end":{"line":724,"column":75}},"115":{"start":{"line":727,"column":8},"end":{"line":727,"column":45}},"116":{"start":{"line":738,"column":8},"end":{"line":738,"column":42}},"117":{"start":{"line":747,"column":8},"end":{"line":747,"column":52}},"118":{"start":{"line":756,"column":8},"end":{"line":756,"column":39}},"119":{"start":{"line":771,"column":8},"end":{"line":771,"column":47}},"120":{"start":{"line":772,"column":8},"end":{"line":772,"column":48}},"121":{"start":{"line":773,"column":8},"end":{"line":773,"column":41}}},"branchMap":{"1":{"line":194,"type":"if","locations":[{"start":{"line":194,"column":8},"end":{"line":194,"column":8}},{"start":{"line":194,"column":8},"end":{"line":194,"column":8}}]},"2":{"line":215,"type":"if","locations":[{"start":{"line":215,"column":8},"end":{"line":215,"column":8}},{"start":{"line":215,"column":8},"end":{"line":215,"column":8}}]},"3":{"line":216,"type":"if","locations":[{"start":{"line":216,"column":8},"end":{"line":216,"column":8}},{"start":{"line":216,"column":8},"end":{"line":216,"column":8}}]},"4":{"line":217,"type":"if","locations":[{"start":{"line":217,"column":8},"end":{"line":217,"column":8}},{"start":{"line":217,"column":8},"end":{"line":217,"column":8}}]},"5":{"line":218,"type":"if","locations":[{"start":{"line":218,"column":8},"end":{"line":218,"column":8}},{"start":{"line":218,"column":8},"end":{"line":218,"column":8}}]},"6":{"line":219,"type":"if","locations":[{"start":{"line":219,"column":8},"end":{"line":219,"column":8}},{"start":{"line":219,"column":8},"end":{"line":219,"column":8}}]},"7":{"line":278,"type":"if","locations":[{"start":{"line":278,"column":8},"end":{"line":278,"column":8}},{"start":{"line":278,"column":8},"end":{"line":278,"column":8}}]},"8":{"line":283,"type":"if","locations":[{"start":{"line":283,"column":8},"end":{"line":283,"column":8}},{"start":{"line":283,"column":8},"end":{"line":283,"column":8}}]},"9":{"line":289,"type":"if","locations":[{"start":{"line":289,"column":8},"end":{"line":289,"column":8}},{"start":{"line":289,"column":8},"end":{"line":289,"column":8}}]},"10":{"line":303,"type":"if","locations":[{"start":{"line":303,"column":73},"end":{"line":303,"column":73}},{"start":{"line":303,"column":73},"end":{"line":303,"column":73}}]},"11":{"line":303,"type":"if","locations":[{"start":{"line":303,"column":87},"end":{"line":303,"column":87}},{"start":{"line":303,"column":87},"end":{"line":303,"column":87}}]},"12":{"line":315,"type":"if","locations":[{"start":{"line":315,"column":93},"end":{"line":315,"column":93}},{"start":{"line":315,"column":93},"end":{"line":315,"column":93}}]},"13":{"line":315,"type":"if","locations":[{"start":{"line":315,"column":107},"end":{"line":315,"column":107}},{"start":{"line":315,"column":107},"end":{"line":315,"column":107}}]},"14":{"line":318,"type":"if","locations":[{"start":{"line":318,"column":8},"end":{"line":318,"column":8}},{"start":{"line":318,"column":8},"end":{"line":318,"column":8}}]},"15":{"line":329,"type":"if","locations":[{"start":{"line":329,"column":70},"end":{"line":329,"column":70}},{"start":{"line":329,"column":70},"end":{"line":329,"column":70}}]},"16":{"line":365,"type":"if","locations":[{"start":{"line":365,"column":44},"end":{"line":365,"column":44}},{"start":{"line":365,"column":44},"end":{"line":365,"column":44}}]},"17":{"line":366,"type":"if","locations":[{"start":{"line":366,"column":8},"end":{"line":366,"column":8}},{"start":{"line":366,"column":8},"end":{"line":366,"column":8}}]},"18":{"line":370,"type":"if","locations":[{"start":{"line":370,"column":8},"end":{"line":370,"column":8}},{"start":{"line":370,"column":8},"end":{"line":370,"column":8}}]},"19":{"line":383,"type":"if","locations":[{"start":{"line":383,"column":30},"end":{"line":383,"column":30}},{"start":{"line":383,"column":30},"end":{"line":383,"column":30}}]},"20":{"line":391,"type":"if","locations":[{"start":{"line":391,"column":32},"end":{"line":391,"column":32}},{"start":{"line":391,"column":32},"end":{"line":391,"column":32}}]},"21":{"line":401,"type":"if","locations":[{"start":{"line":401,"column":78},"end":{"line":401,"column":78}},{"start":{"line":401,"column":78},"end":{"line":401,"column":78}}]},"22":{"line":402,"type":"if","locations":[{"start":{"line":402,"column":8},"end":{"line":402,"column":8}},{"start":{"line":402,"column":8},"end":{"line":402,"column":8}}]},"23":{"line":403,"type":"if","locations":[{"start":{"line":403,"column":8},"end":{"line":403,"column":8}},{"start":{"line":403,"column":8},"end":{"line":403,"column":8}}]},"24":{"line":415,"type":"if","locations":[{"start":{"line":415,"column":85},"end":{"line":415,"column":85}},{"start":{"line":415,"column":85},"end":{"line":415,"column":85}}]},"25":{"line":416,"type":"if","locations":[{"start":{"line":416,"column":8},"end":{"line":416,"column":8}},{"start":{"line":416,"column":8},"end":{"line":416,"column":8}}]},"26":{"line":417,"type":"if","locations":[{"start":{"line":417,"column":8},"end":{"line":417,"column":8}},{"start":{"line":417,"column":8},"end":{"line":417,"column":8}}]},"27":{"line":428,"type":"if","locations":[{"start":{"line":428,"column":78},"end":{"line":428,"column":78}},{"start":{"line":428,"column":78},"end":{"line":428,"column":78}}]},"28":{"line":439,"type":"if","locations":[{"start":{"line":439,"column":73},"end":{"line":439,"column":73}},{"start":{"line":439,"column":73},"end":{"line":439,"column":73}}]},"29":{"line":450,"type":"if","locations":[{"start":{"line":450,"column":83},"end":{"line":450,"column":83}},{"start":{"line":450,"column":83},"end":{"line":450,"column":83}}]},"30":{"line":460,"type":"if","locations":[{"start":{"line":460,"column":60},"end":{"line":460,"column":60}},{"start":{"line":460,"column":60},"end":{"line":460,"column":60}}]},"31":{"line":470,"type":"if","locations":[{"start":{"line":470,"column":68},"end":{"line":470,"column":68}},{"start":{"line":470,"column":68},"end":{"line":470,"column":68}}]},"32":{"line":481,"type":"if","locations":[{"start":{"line":481,"column":67},"end":{"line":481,"column":67}},{"start":{"line":481,"column":67},"end":{"line":481,"column":67}}]},"33":{"line":482,"type":"if","locations":[{"start":{"line":482,"column":8},"end":{"line":482,"column":8}},{"start":{"line":482,"column":8},"end":{"line":482,"column":8}}]},"34":{"line":494,"type":"if","locations":[{"start":{"line":494,"column":62},"end":{"line":494,"column":62}},{"start":{"line":494,"column":62},"end":{"line":494,"column":62}}]},"35":{"line":495,"type":"if","locations":[{"start":{"line":495,"column":8},"end":{"line":495,"column":8}},{"start":{"line":495,"column":8},"end":{"line":495,"column":8}}]},"36":{"line":499,"type":"if","locations":[{"start":{"line":499,"column":12},"end":{"line":499,"column":12}},{"start":{"line":499,"column":12},"end":{"line":499,"column":12}}]},"37":{"line":501,"type":"if","locations":[{"start":{"line":501,"column":12},"end":{"line":501,"column":12}},{"start":{"line":501,"column":12},"end":{"line":501,"column":12}}]},"38":{"line":518,"type":"if","locations":[{"start":{"line":518,"column":37},"end":{"line":518,"column":37}},{"start":{"line":518,"column":37},"end":{"line":518,"column":37}}]},"39":{"line":532,"type":"if","locations":[{"start":{"line":532,"column":8},"end":{"line":532,"column":8}},{"start":{"line":532,"column":8},"end":{"line":532,"column":8}}]},"40":{"line":551,"type":"if","locations":[{"start":{"line":551,"column":8},"end":{"line":551,"column":8}},{"start":{"line":551,"column":8},"end":{"line":551,"column":8}}]},"41":{"line":576,"type":"if","locations":[{"start":{"line":576,"column":32},"end":{"line":576,"column":32}},{"start":{"line":576,"column":32},"end":{"line":576,"column":32}}]},"42":{"line":577,"type":"if","locations":[{"start":{"line":577,"column":8},"end":{"line":577,"column":8}},{"start":{"line":577,"column":8},"end":{"line":577,"column":8}}]},"43":{"line":578,"type":"if","locations":[{"start":{"line":578,"column":8},"end":{"line":578,"column":8}},{"start":{"line":578,"column":8},"end":{"line":578,"column":8}}]},"44":{"line":579,"type":"if","locations":[{"start":{"line":579,"column":8},"end":{"line":579,"column":8}},{"start":{"line":579,"column":8},"end":{"line":579,"column":8}}]},"45":{"line":583,"type":"if","locations":[{"start":{"line":583,"column":8},"end":{"line":583,"column":8}},{"start":{"line":583,"column":8},"end":{"line":583,"column":8}}]},"46":{"line":587,"type":"if","locations":[{"start":{"line":587,"column":8},"end":{"line":587,"column":8}},{"start":{"line":587,"column":8},"end":{"line":587,"column":8}}]},"47":{"line":601,"type":"if","locations":[{"start":{"line":601,"column":8},"end":{"line":601,"column":8}},{"start":{"line":601,"column":8},"end":{"line":601,"column":8}}]},"48":{"line":606,"type":"if","locations":[{"start":{"line":606,"column":8},"end":{"line":606,"column":8}},{"start":{"line":606,"column":8},"end":{"line":606,"column":8}}]},"49":{"line":630,"type":"if","locations":[{"start":{"line":630,"column":8},"end":{"line":630,"column":8}},{"start":{"line":630,"column":8},"end":{"line":630,"column":8}}]},"50":{"line":636,"type":"if","locations":[{"start":{"line":636,"column":8},"end":{"line":636,"column":8}},{"start":{"line":636,"column":8},"end":{"line":636,"column":8}}]},"51":{"line":647,"type":"if","locations":[{"start":{"line":647,"column":8},"end":{"line":647,"column":8}},{"start":{"line":647,"column":8},"end":{"line":647,"column":8}}]},"52":{"line":656,"type":"if","locations":[{"start":{"line":656,"column":53},"end":{"line":656,"column":53}},{"start":{"line":656,"column":53},"end":{"line":656,"column":53}}]},"53":{"line":705,"type":"if","locations":[{"start":{"line":705,"column":8},"end":{"line":705,"column":8}},{"start":{"line":705,"column":8},"end":{"line":705,"column":8}}]},"54":{"line":723,"type":"if","locations":[{"start":{"line":723,"column":8},"end":{"line":723,"column":8}},{"start":{"line":723,"column":8},"end":{"line":723,"column":8}}]},"55":{"line":724,"type":"if","locations":[{"start":{"line":724,"column":8},"end":{"line":724,"column":8}},{"start":{"line":724,"column":8},"end":{"line":724,"column":8}}]},"56":{"line":770,"type":"if","locations":[{"start":{"line":770,"column":35},"end":{"line":770,"column":35}},{"start":{"line":770,"column":35},"end":{"line":770,"column":35}}]},"57":{"line":772,"type":"if","locations":[{"start":{"line":772,"column":8},"end":{"line":772,"column":8}},{"start":{"line":772,"column":8},"end":{"line":772,"column":8}}]}}}}