TN:
SF:C:\Users\Usuário\Desktop\ODDProxyTokenV3\contracts\interfaces\IUniswapV2.sol
FNF:0
FNH:0
LF:0
LH:0
BRF:0
BRH:0
end_of_record
TN:
SF:C:\Users\Usuário\Desktop\ODDProxyTokenV3\contracts\interfaces\IUniswapV2Factory.sol
FNF:0
FNH:0
LF:0
LH:0
BRF:0
BRH:0
end_of_record
TN:
SF:C:\Users\Usuário\Desktop\ODDProxyTokenV3\contracts\MockRouter.sol
FN:20,constructor
FN:26,factory
FN:30,WETH
FN:34,addLiquidityETH
FN:56,swapExactTokensForETHSupportingFeeOnTransferTokens
FN:74,getAmountsOut
FN:87,getAmountsIn
FN:101,setTokenPrice
FN:105,getTokenPrice
FN:110,_calculateSwapOutput
FN:118,_calculateSwapOutput
FN:132,_calculateSwapInput
FN:150,recoverTokens
FNF:13
FNH:7
FNDA:46,constructor
FNDA:46,factory
FNDA:2,WETH
FNDA:0,addLiquidityETH
FNDA:0,swapExactTokensForETHSupportingFeeOnTransferTokens
FNDA:1,getAmountsOut
FNDA:1,getAmountsIn
FNDA:0,setTokenPrice
FNDA:0,getTokenPrice
FNDA:0,_calculateSwapOutput
FNDA:1,_calculateSwapOutput
FNDA:1,_calculateSwapInput
FNDA:0,recoverTokens
DA:22,46
DA:23,46
DA:27,46
DA:31,2
DA:42,0
DA:43,0
DA:44,0
DA:47,0
DA:48,0
DA:49,0
DA:51,0
DA:53,0
DA:63,0
DA:64,0
DA:65,0
DA:68,0
DA:69,0
DA:71,0
DA:75,1
DA:77,1
DA:78,1
DA:80,1
DA:81,1
DA:84,1
DA:88,1
DA:90,1
DA:91,1
DA:93,1
DA:94,1
DA:97,1
DA:102,0
DA:106,0
DA:111,0
DA:112,0
DA:113,0
DA:115,0
DA:119,1
DA:120,1
DA:122,1
DA:123,1
DA:127,0
DA:128,0
DA:129,0
DA:133,1
DA:134,1
DA:136,1
DA:137,1
DA:141,0
DA:142,0
DA:143,0
LF:50
LH:24
BRDA:42,1,0,0
BRDA:42,1,1,0
BRDA:43,2,0,0
BRDA:43,2,1,0
BRDA:44,3,0,0
BRDA:44,3,1,0
BRDA:63,4,0,0
BRDA:63,4,1,0
BRDA:64,5,0,0
BRDA:64,5,1,0
BRDA:65,6,0,0
BRDA:65,6,1,0
BRDA:69,7,0,0
BRDA:69,7,1,0
BRDA:75,8,0,1
BRDA:75,8,1,0
BRDA:88,9,0,1
BRDA:88,9,1,0
BRDA:122,10,0,1
BRDA:122,10,1,0
BRDA:122,11,0,1
BRDA:122,11,1,0
BRDA:136,12,0,1
BRDA:136,12,1,0
BRDA:136,13,0,1
BRDA:136,13,1,0
BRF:26
BRH:6
end_of_record
TN:
SF:C:\Users\Usuário\Desktop\ODDProxyTokenV3\contracts\MockToken.sol
FN:26,constructor
FN:36,mint
FN:64,constructor
FN:73,setPrice
FN:80,decimals
FN:87,description
FN:94,version
FN:102,getRoundData
FN:115,latestRoundData
FNF:9
FNH:6
FNDA:46,constructor
FNDA:96,mint
FNDA:46,constructor
FNDA:1,setPrice
FNDA:1,decimals
FNDA:0,description
FNDA:0,version
FNDA:0,getRoundData
FNDA:2,latestRoundData
DA:27,46
DA:37,96
DA:65,46
DA:66,46
DA:74,1
DA:81,1
DA:88,0
DA:95,0
DA:109,0
DA:122,2
LF:10
LH:7
BRDA:36,1,0,96
BRDA:36,1,1,0
BRF:2
BRH:1
end_of_record
TN:
SF:C:\Users\Usuário\Desktop\ODDProxyTokenV3\contracts\ODDProxy.sol
FN:184,lockTheSwap
FN:193,mappingRequired
FN:214,constructor
FN:247,name
FN:254,symbol
FN:261,decimals
FN:268,totalSupply
FN:277,balanceOf
FN:303,transfer
FN:315,transferFrom
FN:329,approve
FN:340,allowance
FN:348,getLatestPrice
FN:365,createLiquidityPair
FN:383,pause
FN:391,unpause
FN:401,updateFees
FN:415,updateWallets
FN:428,updateMinTokensBeforeSwap
FN:439,setExcludedFromFee
FN:450,setExcludedFromAutoLiquidity
FN:460,updateLogoURI
FN:470,updateMetadataURI
FN:481,recoverTokens
FN:494,mapBalances
FN:518,resetMapping
FN:531,getOriginalTokenUSDValue
FN:550,getProxyTokenAmount
FN:576,_transfer
FN:616,_updateBalance
FN:625,_processFees
FN:645,_checkAndTriggerAutoLiquidity
FN:656,_swapAndLiquify
FN:704,_calculateProxyAmount
FN:718,_approve
FN:737,isExcludedFromFee
FN:746,isExcludedFromAutoLiquidity
FN:755,getMappedBalance
FN:770,recoverBNB
FNF:39
FNH:34
FNDA:0,lockTheSwap
FNDA:10,mappingRequired
FNDA:46,constructor
FNDA:1,name
FNDA:1,symbol
FNDA:1,decimals
FNDA:1,totalSupply
FNDA:50,balanceOf
FNDA:8,transfer
FNDA:1,transferFrom
FNDA:3,approve
FNDA:0,allowance
FNDA:0,getLatestPrice
FNDA:0,createLiquidityPair
FNDA:3,pause
FNDA:1,unpause
FNDA:3,updateFees
FNDA:4,updateWallets
FNDA:1,updateMinTokensBeforeSwap
FNDA:4,setExcludedFromFee
FNDA:2,setExcludedFromAutoLiquidity
FNDA:1,updateLogoURI
FNDA:1,updateMetadataURI
FNDA:2,recoverTokens
FNDA:20,mapBalances
FNDA:2,resetMapping
FNDA:1,getOriginalTokenUSDValue
FNDA:1,getProxyTokenAmount
FNDA:9,_transfer
FNDA:22,_updateBalance
FNDA:5,_processFees
FNDA:6,_checkAndTriggerAutoLiquidity
FNDA:0,_swapAndLiquify
FNDA:39,_calculateProxyAmount
FNDA:4,_approve
FNDA:2,isExcludedFromFee
FNDA:2,isExcludedFromAutoLiquidity
FNDA:2,getMappedBalance
FNDA:2,recoverBNB
DA:185,0
DA:186,0
DA:187,0
DA:194,10
DA:195,9
DA:215,46
DA:216,46
DA:217,46
DA:218,46
DA:219,46
DA:221,46
DA:222,46
DA:223,46
DA:224,46
DA:225,46
DA:226,46
DA:227,46
DA:230,46
DA:231,46
DA:232,46
DA:233,46
DA:236,46
DA:237,46
DA:238,46
DA:239,46
DA:248,1
DA:255,1
DA:262,1
DA:269,1
DA:278,50
DA:279,0
DA:283,50
DA:284,35
DA:288,15
DA:289,15
DA:291,7
DA:294,8
DA:304,8
DA:305,5
DA:316,1
DA:317,1
DA:318,1
DA:319,1
DA:320,1
DA:330,3
DA:331,2
DA:341,0
DA:349,0
DA:356,0
DA:366,0
DA:369,0
DA:370,0
DA:371,0
DA:372,0
DA:376,0
DA:384,3
DA:392,1
DA:402,3
DA:403,2
DA:404,1
DA:405,1
DA:406,1
DA:416,4
DA:417,3
DA:418,2
DA:419,2
DA:420,2
DA:429,1
DA:430,1
DA:440,4
DA:441,4
DA:451,2
DA:452,2
DA:461,1
DA:462,1
DA:471,1
DA:472,1
DA:482,2
DA:483,1
DA:484,1
DA:495,20
DA:497,19
DA:498,19
DA:499,34
DA:500,33
DA:501,33
DA:502,32
DA:503,32
DA:504,32
DA:505,32
DA:509,18
DA:510,18
DA:511,18
DA:519,2
DA:520,2
DA:521,2
DA:532,1
DA:534,1
DA:535,1
DA:536,1
DA:538,1
DA:539,1
DA:541,0
DA:551,1
DA:553,1
DA:554,1
DA:555,1
DA:557,1
DA:558,1
DA:560,0
DA:577,9
DA:578,9
DA:579,8
DA:582,7
DA:583,7
DA:586,6
DA:587,6
DA:588,5
DA:591,6
DA:594,6
DA:595,6
DA:598,6
DA:601,6
DA:602,5
DA:606,6
DA:607,6
DA:617,22
DA:626,5
DA:627,5
DA:630,5
DA:631,5
DA:632,5
DA:636,5
DA:637,5
DA:638,5
DA:646,6
DA:647,6
DA:648,0
DA:657,0
DA:658,0
DA:661,0
DA:662,0
DA:663,0
DA:665,0
DA:667,0
DA:669,0
DA:676,0
DA:679,0
DA:681,0
DA:689,0
DA:692,0
DA:705,39
DA:709,39
DA:723,4
DA:724,4
DA:726,3
DA:727,3
DA:738,2
DA:747,2
DA:756,2
DA:771,2
DA:772,2
DA:773,1
LF:163
LH:134
BRDA:194,1,0,9
BRDA:194,1,1,1
BRDA:215,2,0,46
BRDA:215,2,1,0
BRDA:216,3,0,46
BRDA:216,3,1,0
BRDA:217,4,0,46
BRDA:217,4,1,0
BRDA:218,5,0,46
BRDA:218,5,1,0
BRDA:219,6,0,46
BRDA:219,6,1,0
BRDA:278,7,0,0
BRDA:278,7,1,50
BRDA:283,8,0,35
BRDA:283,8,1,15
BRDA:289,9,0,7
BRDA:289,9,1,8
BRDA:303,10,0,9
BRDA:303,10,1,1
BRDA:303,11,0,8
BRDA:303,11,1,1
BRDA:315,12,0,1
BRDA:315,12,1,1
BRDA:315,13,0,1
BRDA:315,13,1,0
BRDA:318,14,0,1
BRDA:318,14,1,0
BRDA:329,15,0,3
BRDA:329,15,1,0
BRDA:365,16,0,0
BRDA:365,16,1,0
BRDA:366,17,0,0
BRDA:366,17,1,0
BRDA:370,18,0,0
BRDA:370,18,1,0
BRDA:383,19,0,3
BRDA:383,19,1,1
BRDA:391,20,0,1
BRDA:391,20,1,0
BRDA:401,21,0,3
BRDA:401,21,1,2
BRDA:402,22,0,2
BRDA:402,22,1,1
BRDA:403,23,0,1
BRDA:403,23,1,1
BRDA:415,24,0,4
BRDA:415,24,1,1
BRDA:416,25,0,3
BRDA:416,25,1,1
BRDA:417,26,0,2
BRDA:417,26,1,1
BRDA:428,27,0,1
BRDA:428,27,1,0
BRDA:439,28,0,4
BRDA:439,28,1,0
BRDA:450,29,0,2
BRDA:450,29,1,0
BRDA:460,30,0,1
BRDA:460,30,1,0
BRDA:470,31,0,1
BRDA:470,31,1,0
BRDA:481,32,0,2
BRDA:481,32,1,0
BRDA:482,33,0,1
BRDA:482,33,1,1
BRDA:494,34,0,20
BRDA:494,34,1,0
BRDA:495,35,0,19
BRDA:495,35,1,1
BRDA:499,36,0,33
BRDA:499,36,1,1
BRDA:501,37,0,32
BRDA:501,37,1,1
BRDA:518,38,0,2
BRDA:518,38,1,0
BRDA:532,39,0,0
BRDA:532,39,1,1
BRDA:551,40,0,0
BRDA:551,40,1,1
BRDA:576,41,0,9
BRDA:576,41,1,0
BRDA:577,42,0,9
BRDA:577,42,1,0
BRDA:578,43,0,8
BRDA:578,43,1,1
BRDA:579,44,0,7
BRDA:579,44,1,1
BRDA:583,45,0,6
BRDA:583,45,1,1
BRDA:587,46,0,5
BRDA:587,46,1,1
BRDA:601,47,0,5
BRDA:601,47,1,1
BRDA:606,48,0,6
BRDA:606,48,1,0
BRDA:630,49,0,5
BRDA:630,49,1,0
BRDA:636,50,0,5
BRDA:636,50,1,0
BRDA:647,51,0,0
BRDA:647,51,1,6
BRDA:656,52,0,0
BRDA:656,52,1,0
BRDA:705,53,0,0
BRDA:705,53,1,39
BRDA:723,54,0,4
BRDA:723,54,1,0
BRDA:724,55,0,3
BRDA:724,55,1,1
BRDA:770,56,0,2
BRDA:770,56,1,0
BRDA:772,57,0,1
BRDA:772,57,1,1
BRF:114
BRH:77
end_of_record
